<?xml version="1.0" encoding="UTF-8"?>
<testsuite xmlns:xsi="http://www.w3.org/2001/XMLSchema-instance" xsi:noNamespaceSchemaLocation="https://maven.apache.org/surefire/maven-surefire-plugin/xsd/surefire-test-report.xsd" name="edu.sc.bse3211.meetingplanner.RoomTest" time="0.048" tests="7" errors="0" skipped="0" failures="0">
  <properties>
    <property name="java.specification.version" value="21"/>
    <property name="sun.cpu.isalist" value="amd64"/>
    <property name="sun.jnu.encoding" value="Cp1252"/>
    <property name="java.class.path" value="c:\Users\Priscilla\Desktop\school\YEAR 3\sem2\software testing and verification\JUnittesting-P\JUnit-Testing\meetingplanner\target\test-classes;c:\Users\Priscilla\Desktop\school\YEAR 3\sem2\software testing and verification\JUnittesting-P\JUnit-Testing\meetingplanner\target\classes;C:\Users\Priscilla\.m2\repository\junit\junit\4.11\junit-4.11.jar;C:\Users\Priscilla\.m2\repository\org\hamcrest\hamcrest-core\1.3\hamcrest-core-1.3.jar;"/>
    <property name="java.vm.vendor" value="Oracle Corporation"/>
    <property name="sun.arch.data.model" value="64"/>
    <property name="user.variant" value=""/>
    <property name="java.vendor.url" value="https://java.oracle.com/"/>
    <property name="user.timezone" value="Africa/Nairobi"/>
    <property name="user.country.format" value="TK"/>
    <property name="os.name" value="Windows 10"/>
    <property name="java.vm.specification.version" value="21"/>
    <property name="sun.java.launcher" value="SUN_STANDARD"/>
    <property name="user.country" value="GB"/>
    <property name="sun.boot.library.path" value="C:\Program Files\Java\jdk-21\bin"/>
    <property name="sun.java.command" value="C:\Users\PRISCI~1\AppData\Local\Temp\surefire16749308557480155654\surefirebooter3259114115489179199.jar C:\Users\Priscilla\AppData\Local\Temp\surefire16749308557480155654 2024-03-31T01-06-04_547-jvmRun1 surefire3387243949232896693tmp surefire_09254031997629132571tmp"/>
    <property name="jdk.debug" value="release"/>
    <property name="surefire.test.class.path" value="c:\Users\Priscilla\Desktop\school\YEAR 3\sem2\software testing and verification\JUnittesting-P\JUnit-Testing\meetingplanner\target\test-classes;c:\Users\Priscilla\Desktop\school\YEAR 3\sem2\software testing and verification\JUnittesting-P\JUnit-Testing\meetingplanner\target\classes;C:\Users\Priscilla\.m2\repository\junit\junit\4.11\junit-4.11.jar;C:\Users\Priscilla\.m2\repository\org\hamcrest\hamcrest-core\1.3\hamcrest-core-1.3.jar;"/>
    <property name="sun.cpu.endian" value="little"/>
    <property name="user.home" value="C:\Users\Priscilla"/>
    <property name="user.language" value="en"/>
    <property name="java.specification.vendor" value="Oracle Corporation"/>
    <property name="java.version.date" value="2024-01-16"/>
    <property name="java.home" value="C:\Program Files\Java\jdk-21"/>
    <property name="file.separator" value="\"/>
    <property name="basedir" value="c:\Users\Priscilla\Desktop\school\YEAR 3\sem2\software testing and verification\JUnittesting-P\JUnit-Testing\meetingplanner"/>
    <property name="java.vm.compressedOopsMode" value="32-bit"/>
    <property name="line.separator" value="&#10;"/>
    <property name="java.vm.specification.vendor" value="Oracle Corporation"/>
    <property name="java.specification.name" value="Java Platform API Specification"/>
    <property name="surefire.real.class.path" value="C:\Users\PRISCI~1\AppData\Local\Temp\surefire16749308557480155654\surefirebooter3259114115489179199.jar"/>
    <property name="user.script" value=""/>
    <property name="sun.management.compiler" value="HotSpot 64-Bit Tiered Compilers"/>
    <property name="java.runtime.version" value="21.0.2+13-LTS-58"/>
    <property name="user.name" value="Priscilla"/>
    <property name="stdout.encoding" value="Cp1252"/>
    <property name="path.separator" value=";"/>
    <property name="os.version" value="10.0"/>
    <property name="java.runtime.name" value="Java(TM) SE Runtime Environment"/>
    <property name="file.encoding" value="UTF-8"/>
    <property name="java.vm.name" value="Java HotSpot(TM) 64-Bit Server VM"/>
    <property name="localRepository" value="C:\Users\Priscilla\.m2\repository"/>
    <property name="java.vendor.url.bug" value="https://bugreport.java.com/bugreport/"/>
    <property name="java.io.tmpdir" value="C:\Users\PRISCI~1\AppData\Local\Temp\"/>
    <property name="java.version" value="21.0.2"/>
    <property name="user.dir" value="c:\Users\Priscilla\Desktop\school\YEAR 3\sem2\software testing and verification\JUnittesting-P\JUnit-Testing\meetingplanner"/>
    <property name="os.arch" value="amd64"/>
    <property name="java.vm.specification.name" value="Java Virtual Machine Specification"/>
    <property name="sun.os.patch.level" value=""/>
    <property name="native.encoding" value="Cp1252"/>
    <property name="java.library.path" value="C:\Program Files\Java\jdk-21\bin;C:\WINDOWS\Sun\Java\bin;C:\WINDOWS\system32;C:\WINDOWS;C:\Program Files\Common Files\Oracle\Java\javapath;C:\WINDOWS\system32;C:\WINDOWS;C:\WINDOWS\System32\Wbem;C:\WINDOWS\System32\WindowsPowerShell\v1.0\;C:\WINDOWS\System32\OpenSSH\;C:\xampp\php;C:\Program Files\nodejs\;C:\ProgramData\chocolatey\bin;C:\Program Files\PuTTY\;C:\ProgramData\ComposerSetup\bin;C:\Program Files\Git\cmd;C:\Program Files\Java\jdk-21\bin;C:\Program Files\apache-maven-3.8.8\bin;C:\Users\Priscilla\AppData\Local\Programs\Python\Python310\Scripts\;C:\Users\Priscilla\AppData\Local\Programs\Python\Python310\;C:\Program Files\MySQL\MySQL Shell 8.0\bin\;C:\Users\Priscilla\AppData\Local\Microsoft\WindowsApps;C:\Users\Priscilla\AppData\Local\Programs\Microsoft VS Code\bin;C:\Users\Priscilla\AppData\Roaming\Composer\vendor\bin;C:\Users\Priscilla\AppData\Roaming\npm;."/>
    <property name="java.vm.info" value="mixed mode, sharing"/>
    <property name="stderr.encoding" value="Cp1252"/>
    <property name="java.vendor" value="Oracle Corporation"/>
    <property name="java.vm.version" value="21.0.2+13-LTS-58"/>
    <property name="sun.io.unicode.encoding" value="UnicodeLittle"/>
    <property name="java.class.version" value="65.0"/>
  </properties>
  <testcase name="testAddMeeting_TimeConflictException" classname="edu.sc.bse3211.meetingplanner.RoomTest" time="0"/>
  <testcase name="testPrintAgenda_ByDay_NormalExecution" classname="edu.sc.bse3211.meetingplanner.RoomTest" time="0.019"/>
  <testcase name="testRemoveMeeting_NormalExecution" classname="edu.sc.bse3211.meetingplanner.RoomTest" time="0"/>
  <testcase name="testPrintAgenda_ByMonth_NormalExecution" classname="edu.sc.bse3211.meetingplanner.RoomTest" time="0.012"/>
  <testcase name="testAddMeeting_NormalExecution" classname="edu.sc.bse3211.meetingplanner.RoomTest" time="0"/>
  <testcase name="testIsBusy_NoMeeting_NormalExecution" classname="edu.sc.bse3211.meetingplanner.RoomTest" time="0"/>
  <testcase name="testGetMeeting_NormalExecution" classname="edu.sc.bse3211.meetingplanner.RoomTest" time="0"/>
</testsuite>